1: ErrorException Nesting level too deep - recursive dependency? in file: C:\dev\accounts\classes\core\errors.php on line:308
1: ErrorException Nesting level too deep - recursive dependency? in file: C:\dev\accounts\classes\core\errors.php on line:308
1: ErrorException Nesting level too deep - recursive dependency? in file: C:\dev\accounts\classes\core\errors.php on line:308
1: ErrorException Class 'ADV\Core\Form' not found in file: C:\dev\accounts\tests\core\InputTest.php on line:32
1: ErrorException Nesting level too deep - recursive dependency? in file: C:\dev\accounts\classes\core\errors.php on line:308
1: ErrorException Nesting level too deep - recursive dependency? in file: C:\dev\accounts\classes\core\errors.php on line:308
1: ErrorException Nesting level too deep - recursive dependency? in file: C:\dev\accounts\classes\core\errors.php on line:308
1: ErrorException Nesting level too deep - recursive dependency? in file: C:\dev\accounts\classes\core\errors.php on line:308
1: ErrorException Nesting level too deep - recursive dependency? in file: C:\dev\accounts\classes\core\errors.php on line:308
1: ErrorException Nesting level too deep - recursive dependency? in file: C:\dev\accounts\classes\core\errors.php on line:308
1: ErrorException Nesting level too deep - recursive dependency? in file: C:\dev\accounts\classes\core\errors.php on line:308
1: ErrorException Nesting level too deep - recursive dependency? in file: C:\dev\accounts\classes\core\errors.php on line:308
1: ErrorException Nesting level too deep - recursive dependency? in file: C:\dev\accounts\classes\core\errors.php on line:308
1: ErrorException Nesting level too deep - recursive dependency? in file: C:\dev\accounts\classes\core\errors.php on line:308
1: ErrorException Nesting level too deep - recursive dependency? in file: C:\dev\accounts\classes\core\errors.php on line:308
1: ErrorException Nesting level too deep - recursive dependency? in file: C:\dev\accounts\classes\core\errors.php on line:308
1: ErrorException Nesting level too deep - recursive dependency? in file: C:\dev\accounts\classes\core\errors.php on line:308
1: ErrorException Nesting level too deep - recursive dependency? in file: C:\dev\accounts\classes\core\errors.php on line:308
1: ErrorException Call to undefined method DatesTest::___date() in file: C:\dev\accounts\classes\core\dates.php on line:98
1: ErrorException Nesting level too deep - recursive dependency? in file: C:\dev\accounts\classes\core\errors.php on line:308
1: ErrorException Nesting level too deep - recursive dependency? in file: C:\dev\accounts\classes\core\errors.php on line:308
1: ErrorException Nesting level too deep - recursive dependency? in file: C:\dev\accounts\classes\core\errors.php on line:308
1: ErrorException Nesting level too deep - recursive dependency? in file: C:\dev\accounts\classes\core\errors.php on line:308
1: ErrorException Nesting level too deep - recursive dependency? in file: C:\dev\accounts\classes\core\errors.php on line:308
1: ErrorException Nesting level too deep - recursive dependency? in file: C:\dev\accounts\classes\core\errors.php on line:308
1: ErrorException Nesting level too deep - recursive dependency? in file: C:\dev\accounts\classes\core\errors.php on line:308
1: ErrorException Nesting level too deep - recursive dependency? in file: C:\dev\accounts\classes\core\errors.php on line:308
1: ErrorException Nesting level too deep - recursive dependency? in file: C:\dev\accounts\classes\core\errors.php on line:308
1: ErrorException Nesting level too deep - recursive dependency? in file: C:\dev\accounts\classes\core\errors.php on line:308
1: ErrorException Nesting level too deep - recursive dependency? in file: C:\dev\accounts\classes\core\errors.php on line:308
1: ErrorException Nesting level too deep - recursive dependency? in file: C:\dev\accounts\classes\core\errors.php on line:308
1: ErrorException Nesting level too deep - recursive dependency? in file: C:\dev\accounts\classes\core\errors.php on line:308
1: ErrorException Nesting level too deep - recursive dependency? in file: C:\dev\accounts\classes\core\errors.php on line:308
1: ErrorException Nesting level too deep - recursive dependency? in file: C:\dev\accounts\classes\core\errors.php on line:308
1: ErrorException Nesting level too deep - recursive dependency? in file: /Users/Maidenii/Desktop/dev/accounts/classes/core/errors.php on line:308
1: ErrorException Nesting level too deep - recursive dependency? in file: /Users/Maidenii/Desktop/dev/accounts/classes/core/errors.php on line:308
1: ErrorException Nesting level too deep - recursive dependency? in file: /Users/Maidenii/Desktop/dev/accounts/classes/core/errors.php on line:308
1: ErrorException Nesting level too deep - recursive dependency? in file: /Users/Maidenii/Desktop/dev/accounts/classes/core/errors.php on line:308
1: ErrorException Nesting level too deep - recursive dependency? in file: /Users/Maidenii/Desktop/dev/accounts/classes/core/errors.php on line:308
1: ErrorException Nesting level too deep - recursive dependency? in file: /Users/Maidenii/Desktop/dev/accounts/classes/core/errors.php on line:308
1: ErrorException Nesting level too deep - recursive dependency? in file: /Users/Maidenii/Desktop/dev/accounts/classes/core/errors.php on line:308
1: ErrorException Nesting level too deep - recursive dependency? in file: /Users/Maidenii/Desktop/dev/accounts/classes/core/errors.php on line:308
1: ErrorException Nesting level too deep - recursive dependency? in file: /Users/Maidenii/Desktop/dev/accounts/classes/core/errors.php on line:308
1: ErrorException Nesting level too deep - recursive dependency? in file: /Users/Maidenii/Desktop/dev/accounts/classes/core/errors.php on line:308
1: ErrorException Nesting level too deep - recursive dependency? in file: /Users/Maidenii/Desktop/dev/accounts/classes/core/errors.php on line:308
1: ErrorException Nesting level too deep - recursive dependency? in file: /Users/Maidenii/Desktop/dev/accounts/classes/core/errors.php on line:308
1: ErrorException Nesting level too deep - recursive dependency? in file: /Users/Maidenii/Desktop/dev/accounts/classes/core/errors.php on line:308
1: ErrorException Call to undefined method ADV\Core\DatesTest::___date() in file: /Users/Maidenii/Desktop/dev/accounts/classes/core/dates.php on line:98
1: ErrorException Call to undefined method ADV\Core\DatesTest::___date() in file: /Users/Maidenii/Desktop/dev/accounts/classes/core/dates.php on line:98
1: ErrorException Call to undefined method ADV\Core\DatesTest::___date() in file: /Users/Maidenii/Desktop/dev/accounts/classes/core/dates.php on line:98
1: ErrorException Call to undefined method ADV\Core\DatesTest::___date() in file: /Users/Maidenii/Desktop/dev/accounts/classes/core/dates.php on line:98
1: ErrorException Call to undefined method ADV\Core\DatesTest::___date() in file: /Users/Maidenii/Desktop/dev/accounts/classes/core/dates.php on line:98
1: ErrorException Nesting level too deep - recursive dependency? in file: /Users/Maidenii/Desktop/dev/accounts/classes/core/errors.php on line:308
1: ErrorException Call to undefined method ADV\Core\DatesTest::___date() in file: /Users/Maidenii/Desktop/dev/accounts/classes/core/dates.php on line:98
1: ErrorException Call to undefined method ADV\Core\DatesTest::___date() in file: /Users/Maidenii/Desktop/dev/accounts/classes/core/dates.php on line:98
1: ErrorException Call to undefined method ADV\Core\DatesTest::___date() in file: /Users/Maidenii/Desktop/dev/accounts/classes/core/dates.php on line:98
1: ErrorException Call to undefined method ADV\Core\DatesTest::___date() in file: /Users/Maidenii/Desktop/dev/accounts/classes/core/dates.php on line:98
1: ErrorException Nesting level too deep - recursive dependency? in file: /Users/Maidenii/Desktop/dev/accounts/classes/core/errors.php on line:308
1: ErrorException Nesting level too deep - recursive dependency? in file: /Users/Maidenii/Desktop/dev/accounts/classes/core/errors.php on line:308
1: ErrorException Nesting level too deep - recursive dependency? in file: /Users/Maidenii/Desktop/dev/accounts/classes/core/errors.php on line:308
1: ErrorException Nesting level too deep - recursive dependency? in file: /Users/Maidenii/Desktop/dev/accounts/classes/core/errors.php on line:308
1: ErrorException Nesting level too deep - recursive dependency? in file: /Users/Maidenii/Desktop/dev/accounts/classes/core/errors.php on line:308
1: ErrorException Nesting level too deep - recursive dependency? in file: /Users/Maidenii/Desktop/dev/accounts/classes/core/errors.php on line:308
1: ErrorException Nesting level too deep - recursive dependency? in file: /Users/Maidenii/Desktop/dev/accounts/classes/core/errors.php on line:308
1: ErrorException Nesting level too deep - recursive dependency? in file: /Users/Maidenii/Desktop/dev/accounts/classes/core/errors.php on line:308
1: ErrorException Nesting level too deep - recursive dependency? in file: /Users/Maidenii/Desktop/dev/accounts/classes/core/errors.php on line:308
1: ErrorException Nesting level too deep - recursive dependency? in file: /Users/Maidenii/Desktop/dev/accounts/classes/core/errors.php on line:308
1: ErrorException Nesting level too deep - recursive dependency? in file: /Users/Maidenii/Desktop/dev/accounts/classes/core/errors.php on line:308
1: ErrorException Nesting level too deep - recursive dependency? in file: /Users/Maidenii/Desktop/dev/accounts/classes/core/errors.php on line:308
1: ErrorException Nesting level too deep - recursive dependency? in file: /Users/Maidenii/Desktop/dev/accounts/classes/core/errors.php on line:308
1: ErrorException Nesting level too deep - recursive dependency? in file: /Users/Maidenii/Desktop/dev/accounts/classes/core/errors.php on line:308
1: ErrorException Nesting level too deep - recursive dependency? in file: /Users/Maidenii/Desktop/dev/accounts/classes/core/errors.php on line:308
1: ErrorException Nesting level too deep - recursive dependency? in file: /Users/Maidenii/Desktop/dev/accounts/classes/core/errors.php on line:308
1: ErrorException Nesting level too deep - recursive dependency? in file: /Users/Maidenii/Desktop/dev/accounts/classes/core/errors.php on line:308
1: ErrorException Nesting level too deep - recursive dependency? in file: /Users/Maidenii/Desktop/dev/accounts/classes/core/errors.php on line:308
1: ErrorException Nesting level too deep - recursive dependency? in file: /Users/Maidenii/Desktop/dev/accounts/classes/core/errors.php on line:308
1: ErrorException Nesting level too deep - recursive dependency? in file: /Users/Maidenii/Desktop/dev/accounts/classes/core/errors.php on line:308
1: ErrorException Nesting level too deep - recursive dependency? in file: /Users/Maidenii/Desktop/dev/accounts/classes/core/errors.php on line:308
1: ErrorException Nesting level too deep - recursive dependency? in file: /Users/Maidenii/Desktop/dev/accounts/classes/core/errors.php on line:308
1: ErrorException Nesting level too deep - recursive dependency? in file: /Users/Maidenii/Desktop/dev/accounts/classes/core/errors.php on line:308
1: ErrorException Nesting level too deep - recursive dependency? in file: /Users/Maidenii/Desktop/dev/accounts/classes/core/errors.php on line:308
1: ErrorException Nesting level too deep - recursive dependency? in file: /Users/Maidenii/Desktop/dev/accounts/classes/core/errors.php on line:308
1: ErrorException Nesting level too deep - recursive dependency? in file: /Users/Maidenii/Desktop/dev/accounts/classes/core/errors.php on line:308
1: ErrorException Nesting level too deep - recursive dependency? in file: /Users/Maidenii/Desktop/dev/accounts/classes/core/errors.php on line:308
1: ErrorException Nesting level too deep - recursive dependency? in file: /Users/Maidenii/Desktop/dev/accounts/classes/core/errors.php on line:308
1: ErrorException Nesting level too deep - recursive dependency? in file: /Users/Maidenii/Desktop/dev/accounts/classes/core/errors.php on line:308
1: ErrorException Nesting level too deep - recursive dependency? in file: /Users/Maidenii/Desktop/dev/accounts/classes/core/errors.php on line:308
1: ErrorException Nesting level too deep - recursive dependency? in file: /Users/Maidenii/Desktop/dev/accounts/classes/core/errors.php on line:308
1: ErrorException Nesting level too deep - recursive dependency? in file: /Users/Maidenii/Desktop/dev/accounts/classes/core/errors.php on line:308
1: ErrorException Nesting level too deep - recursive dependency? in file: /Users/Maidenii/Desktop/dev/accounts/classes/core/errors.php on line:308
1: ErrorException Nesting level too deep - recursive dependency? in file: /Users/Maidenii/Desktop/dev/accounts/classes/core/errors.php on line:308
1: ErrorException Nesting level too deep - recursive dependency? in file: /Users/Maidenii/Desktop/dev/accounts/classes/core/errors.php on line:308
1: ErrorException Nesting level too deep - recursive dependency? in file: /Users/Maidenii/Desktop/dev/accounts/classes/core/errors.php on line:308
1: ErrorException Nesting level too deep - recursive dependency? in file: /Users/Maidenii/Desktop/dev/accounts/classes/core/errors.php on line:308
1: ErrorException Nesting level too deep - recursive dependency? in file: /Users/Maidenii/Desktop/dev/accounts/classes/core/errors.php on line:308
1: ErrorException Nesting level too deep - recursive dependency? in file: /Users/Maidenii/Desktop/dev/accounts/classes/core/errors.php on line:308
1: ErrorException Nesting level too deep - recursive dependency? in file: /Users/Maidenii/Desktop/dev/accounts/classes/core/errors.php on line:308
1: ErrorException Nesting level too deep - recursive dependency? in file: /Users/Maidenii/Desktop/dev/accounts/classes/core/errors.php on line:308
1: ErrorException Nesting level too deep - recursive dependency? in file: /Users/Maidenii/Desktop/dev/accounts/classes/core/errors.php on line:308
1: ErrorException Nesting level too deep - recursive dependency? in file: /Users/Maidenii/Desktop/dev/accounts/classes/core/errors.php on line:308
1: ErrorException Call to protected ADV\Core\Config::__construct() from context 'ADV\Core\ConfigTest' in file: /Users/Maidenii/Desktop/dev/accounts/tests/core/ConfigTest.php on line:19
1: ErrorException Call to protected ADV\Core\Config::__construct() from context 'ADV\Core\ConfigTest' in file: /Users/Maidenii/Desktop/dev/accounts/tests/core/ConfigTest.php on line:19
1: ErrorException Call to protected ADV\Core\Config::__construct() from context 'ADV\Core\ConfigTest' in file: /Users/Maidenii/Desktop/dev/accounts/tests/core/ConfigTest.php on line:19
1: ErrorException Call to protected ADV\Core\Config::__construct() from context 'ADV\Core\ConfigTest' in file: /Users/Maidenii/Desktop/dev/accounts/tests/core/ConfigTest.php on line:19
1: ErrorException Call to protected ADV\Core\Config::__construct() from context 'ADV\Core\ConfigTest' in file: /Users/Maidenii/Desktop/dev/accounts/tests/core/ConfigTest.php on line:34
1: ErrorException Call to protected ADV\Core\Config::__construct() from context 'ADV\Core\ConfigTest' in file: /Users/Maidenii/Desktop/dev/accounts/tests/core/ConfigTest.php on line:34
1: ErrorException Call to protected ADV\Core\Config::__construct() from context 'ADV\Core\ConfigTest' in file: /Users/Maidenii/Desktop/dev/accounts/tests/core/ConfigTest.php on line:34
1: ErrorException Call to protected ADV\Core\Config::__construct() from context 'ADV\Core\ConfigTest' in file: /Users/Maidenii/Desktop/dev/accounts/tests/core/ConfigTest.php on line:34
1: ErrorException Call to protected ADV\Core\Config::__construct() from context 'ADV\Core\ConfigTest' in file: /Users/Maidenii/Desktop/dev/accounts/tests/core/ConfigTest.php on line:34
1: ErrorException Call to protected ADV\Core\Config::__construct() from context 'ADV\Core\ConfigTest' in file: /Users/Maidenii/Desktop/dev/accounts/tests/core/ConfigTest.php on line:34
1: ErrorException Call to protected ADV\Core\Config::__construct() from context 'ADV\Core\ConfigTest' in file: /Users/Maidenii/Desktop/dev/accounts/tests/core/ConfigTest.php on line:34
1: ErrorException Call to protected ADV\Core\Config::__construct() from context 'ADV\Core\ConfigTest' in file: /Users/Maidenii/Desktop/dev/accounts/tests/core/ConfigTest.php on line:34
1: ErrorException Call to a member function _get() on a non-object in file: /Users/Maidenii/Desktop/dev/accounts/tests/core/ConfigTest.php on line:44
1: ErrorException Call to protected ADV\Core\Config::__construct() from context 'ADV\Core\ConfigTest' in file: /Users/Maidenii/Desktop/dev/accounts/tests/core/ConfigTest.php on line:34
1: ErrorException Call to a member function _get() on a non-object in file: /Users/Maidenii/Desktop/dev/accounts/tests/core/ConfigTest.php on line:45
1: ErrorException Call to a member function _get() on a non-object in file: /Users/Maidenii/Desktop/dev/accounts/tests/core/ConfigTest.php on line:45
1: ErrorException Nesting level too deep - recursive dependency? in file: /Users/Maidenii/Desktop/dev/accounts/classes/core/errors.php on line:308
1: ErrorException Nesting level too deep - recursive dependency? in file: /Users/Maidenii/Desktop/dev/accounts/classes/core/errors.php on line:308
